<?xml version="1.0" encoding="UTF-8"?>
<!-- Generated by org.testng.reporters.JUnitReportReporter -->
<testsuite hostname="ek-mm-002.local" failures="0" tests="1" name="com.udemy.RegistrationTest" time="20.489" errors="0" timestamp="2020-05-19T14:42:23 EEST" skipped="0">
  <testcase classname="com.udemy.RegistrationTest" name="registrationWithValidData" time="20.489"/>
  <system-out/>
</testsuite> <!-- com.udemy.RegistrationTest -->
