<?xml version="1.0" encoding="UTF-8"?>
<!-- Generated by org.testng.reporters.JUnitReportReporter -->
<testsuite hostname="ek-mm-002.local" failures="0" tests="1" name="com.udemy.LoginTest" time="13.823" errors="0" timestamp="2020-05-19T17:02:11 EEST" skipped="0">
  <testcase classname="com.udemy.LoginTest" name="loginTest" time="13.823"/>
  <system-out/>
</testsuite> <!-- com.udemy.LoginTest -->
